<?xml version="1.0" encoding="UTF-8"?>
<!-- Generated by org.testng.reporters.JUnitXMLReporter -->
<testsuite ignored="0" hostname="Saranyas-MacBook-Pro.local" failures="0" tests="4" name="Command line test" time="7.931" errors="0" timestamp="2021-03-15T07:18:38 IST">
  <testcase classname="LibraryApiAssignmentTest" name="verifyAddBook" time="2.683"/>
  <testcase classname="LibraryApiAssignmentTest" name="verifyAddBook" time="0.432"/>
  <testcase classname="LibraryApiAssignmentTest" name="verifyBookByAuthorName" time="2.661"/>
  <testcase classname="LibraryApiAssignmentTest" name="verifyDelete" time="2.128"/>
</testsuite> <!-- Command line test -->
