<?xml version="1.0" encoding="UTF-8"?>
<!-- Generated by org.testng.reporters.JUnitXMLReporter -->
<testsuite ignored="0" hostname="Saranyas-MacBook-Pro.local" failures="0" tests="4" name="Command line test" time="7.532" errors="0" timestamp="2021-03-19T06:14:24 IST">
  <testcase classname="LibraryApiAssignmentTest" name="verifyAddBook" time="2.402"/>
  <testcase classname="LibraryApiAssignmentTest" name="verifyAddBook" time="0.425"/>
  <testcase classname="LibraryApiAssignmentTest" name="verifyBookByAuthorName" time="2.597"/>
  <testcase classname="LibraryApiAssignmentTest" name="verifyDelete" time="2.08"/>
</testsuite> <!-- Command line test -->
