<?xml version="1.0" encoding="UTF-8"?>
<testng-results ignored="0" total="4" passed="4" failed="0" skipped="0">
  <reporter-output>
  </reporter-output>
  <suite started-at="2021-03-18T12:52:03 IST" name="LibraryApiAssignmentTest" finished-at="2021-03-18T12:52:11 IST" duration-ms="7743">
    <groups>
    </groups>
    <test started-at="2021-03-18T12:52:03 IST" name="Command line test" finished-at="2021-03-18T12:52:11 IST" duration-ms="7743">
      <class name="LibraryApiAssignmentTest">
        <test-method is-config="true" signature="library()[pri:0, instance:LibraryApiAssignmentTest@1442d7b5]" started-at="2021-03-18T12:52:03 IST" name="library" finished-at="2021-03-18T12:52:03 IST" duration-ms="5" status="PASS">
          <reporter-output>
          </reporter-output>
        </test-method> <!-- library -->
        <test-method signature="verifyAddBook(BookResponse,int,java.lang.String)[pri:0, instance:LibraryApiAssignmentTest@1442d7b5]" started-at="2021-03-18T12:52:03 IST" name="verifyAddBook" data-provider="addBookData" finished-at="2021-03-18T12:52:06 IST" duration-ms="2548" status="PASS">
          <params>
            <param index="0">
              <value>
                <![CDATA[BookResponse@7b5b5bfe]]>
              </value>
            </param>
            <param index="1">
              <value>
                <![CDATA[200]]>
              </value>
            </param>
            <param index="2">
              <value>
                <![CDATA[successfully added]]>
              </value>
            </param>
          </params>
          <reporter-output>
          </reporter-output>
        </test-method> <!-- verifyAddBook -->
        <test-method signature="verifyAddBook(BookResponse,int,java.lang.String)[pri:0, instance:LibraryApiAssignmentTest@1442d7b5]" started-at="2021-03-18T12:52:06 IST" name="verifyAddBook" data-provider="addBookData" finished-at="2021-03-18T12:52:06 IST" duration-ms="432" status="PASS">
          <params>
            <param index="0">
              <value>
                <![CDATA[BookResponse@74834afd]]>
              </value>
            </param>
            <param index="1">
              <value>
                <![CDATA[404]]>
              </value>
            </param>
            <param index="2">
              <value>
                <![CDATA[Add Book operation failed, looks like the book already exists]]>
              </value>
            </param>
          </params>
          <reporter-output>
          </reporter-output>
        </test-method> <!-- verifyAddBook -->
        <test-method signature="verifyBookByAuthorName()[pri:0, instance:LibraryApiAssignmentTest@1442d7b5]" started-at="2021-03-18T12:52:06 IST" name="verifyBookByAuthorName" finished-at="2021-03-18T12:52:09 IST" duration-ms="2625" status="PASS">
          <reporter-output>
          </reporter-output>
        </test-method> <!-- verifyBookByAuthorName -->
        <test-method signature="verifyDelete()[pri:0, instance:LibraryApiAssignmentTest@1442d7b5]" started-at="2021-03-18T12:52:09 IST" name="verifyDelete" finished-at="2021-03-18T12:52:11 IST" duration-ms="2109" status="PASS">
          <reporter-output>
          </reporter-output>
        </test-method> <!-- verifyDelete -->
      </class> <!-- LibraryApiAssignmentTest -->
    </test> <!-- Command line test -->
  </suite> <!-- LibraryApiAssignmentTest -->
</testng-results>
