<?xml version="1.0" encoding="UTF-8"?>
<testng-results ignored="0" total="4" passed="4" failed="0" skipped="0">
  <reporter-output>
  </reporter-output>
  <suite started-at="2021-03-15T07:18:25 IST" name="LibraryApiAssignmentTest" finished-at="2021-03-15T07:18:33 IST" duration-ms="7931">
    <groups>
    </groups>
    <test started-at="2021-03-15T07:18:25 IST" name="Command line test" finished-at="2021-03-15T07:18:33 IST" duration-ms="7931">
      <class name="LibraryApiAssignmentTest">
        <test-method signature="verifyAddBook(BookResponse,int,java.lang.String)[pri:0, instance:LibraryApiAssignmentTest@1e4a7dd4]" started-at="2021-03-15T07:18:25 IST" name="verifyAddBook" data-provider="addBookData" finished-at="2021-03-15T07:18:28 IST" duration-ms="2683" status="PASS">
          <params>
            <param index="0">
              <value>
                <![CDATA[BookResponse@33f17289]]>
              </value>
            </param>
            <param index="1">
              <value>
                <![CDATA[200]]>
              </value>
            </param>
            <param index="2">
              <value>
                <![CDATA[successfully added]]>
              </value>
            </param>
          </params>
          <reporter-output>
          </reporter-output>
        </test-method> <!-- verifyAddBook -->
        <test-method signature="verifyAddBook(BookResponse,int,java.lang.String)[pri:0, instance:LibraryApiAssignmentTest@1e4a7dd4]" started-at="2021-03-15T07:18:28 IST" name="verifyAddBook" data-provider="addBookData" finished-at="2021-03-15T07:18:28 IST" duration-ms="432" status="PASS">
          <params>
            <param index="0">
              <value>
                <![CDATA[BookResponse@f1266c6]]>
              </value>
            </param>
            <param index="1">
              <value>
                <![CDATA[404]]>
              </value>
            </param>
            <param index="2">
              <value>
                <![CDATA[Add Book operation failed, looks like the book already exists]]>
              </value>
            </param>
          </params>
          <reporter-output>
          </reporter-output>
        </test-method> <!-- verifyAddBook -->
        <test-method signature="verifyBookByAuthorName()[pri:0, instance:LibraryApiAssignmentTest@1e4a7dd4]" started-at="2021-03-15T07:18:28 IST" name="verifyBookByAuthorName" finished-at="2021-03-15T07:18:31 IST" duration-ms="2661" status="PASS">
          <reporter-output>
          </reporter-output>
        </test-method> <!-- verifyBookByAuthorName -->
        <test-method signature="verifyDelete()[pri:0, instance:LibraryApiAssignmentTest@1e4a7dd4]" started-at="2021-03-15T07:18:31 IST" name="verifyDelete" finished-at="2021-03-15T07:18:33 IST" duration-ms="2128" status="PASS">
          <reporter-output>
          </reporter-output>
        </test-method> <!-- verifyDelete -->
      </class> <!-- LibraryApiAssignmentTest -->
    </test> <!-- Command line test -->
  </suite> <!-- LibraryApiAssignmentTest -->
</testng-results>
